<?xml version="1.0" encoding="UTF-8"?>
<testsuites>
  <testsuite name="Release" tests="29" assertions="107" failures="0" errors="0" time="0.395136">
    <testsuite name="Kisma\Core\Components\ReaderWriterTest" file="/opt/kisma/tests/src/Kisma/Core/Components/ReaderWriterTest.php" namespace="Kisma\Core\Components" fullPackage="Kisma.Core.Components" tests="5" assertions="50" failures="0" errors="0" time="0.121093">
      <testcase name="testLineReader" class="Kisma\Core\Components\ReaderWriterTest" file="/opt/kisma/tests/src/Kisma/Core/Components/ReaderWriterTest.php" line="69" assertions="15" time="0.030099"/>
      <testcase name="testReadCsv" class="Kisma\Core\Components\ReaderWriterTest" file="/opt/kisma/tests/src/Kisma/Core/Components/ReaderWriterTest.php" line="83" assertions="15" time="0.021294"/>
      <testcase name="testReadPsv" class="Kisma\Core\Components\ReaderWriterTest" file="/opt/kisma/tests/src/Kisma/Core/Components/ReaderWriterTest.php" line="97" assertions="15" time="0.021255"/>
      <testcase name="testReadTsv" class="Kisma\Core\Components\ReaderWriterTest" file="/opt/kisma/tests/src/Kisma/Core/Components/ReaderWriterTest.php" line="111" assertions="1" time="0.012122"/>
      <testcase name="testWriteCsv" class="Kisma\Core\Components\ReaderWriterTest" file="/opt/kisma/tests/src/Kisma/Core/Components/ReaderWriterTest.php" line="128" assertions="4" time="0.036323"/>
    </testsuite>
    <testsuite name="Kisma\Core\SeedBagTest" file="/opt/kisma/tests/src/Kisma/Core/SeedBagTest.php" namespace="Kisma\Core" fullPackage="Kisma" package="Kisma" tests="9" assertions="17" failures="0" errors="0" time="0.053969">
      <testcase name="testKeys" class="Kisma\Core\SeedBagTest" file="/opt/kisma/tests/src/Kisma/Core/SeedBagTest.php" line="39" assertions="2" time="0.006588"/>
      <testcase name="testValues" class="Kisma\Core\SeedBagTest" file="/opt/kisma/tests/src/Kisma/Core/SeedBagTest.php" line="48" assertions="2" time="0.005055"/>
      <testcase name="testGet" class="Kisma\Core\SeedBagTest" file="/opt/kisma/tests/src/Kisma/Core/SeedBagTest.php" line="58" assertions="2" time="0.005853"/>
      <testcase name="testSet" class="Kisma\Core\SeedBagTest" file="/opt/kisma/tests/src/Kisma/Core/SeedBagTest.php" line="70" assertions="4" time="0.008709"/>
      <testcase name="testClear" class="Kisma\Core\SeedBagTest" file="/opt/kisma/tests/src/Kisma/Core/SeedBagTest.php" line="90" assertions="1" time="0.005723"/>
      <testcase name="testMerge" class="Kisma\Core\SeedBagTest" file="/opt/kisma/tests/src/Kisma/Core/SeedBagTest.php" line="99" assertions="0" time="0.004768"/>
      <testcase name="testContains" class="Kisma\Core\SeedBagTest" file="/opt/kisma/tests/src/Kisma/Core/SeedBagTest.php" line="107" assertions="4" time="0.006897"/>
      <testcase name="testGetIterator" class="Kisma\Core\SeedBagTest" file="/opt/kisma/tests/src/Kisma/Core/SeedBagTest.php" line="125" assertions="1" time="0.005725"/>
      <testcase name="testCount" class="Kisma\Core\SeedBagTest" file="/opt/kisma/tests/src/Kisma/Core/SeedBagTest.php" line="133" assertions="1" time="0.004651"/>
    </testsuite>
    <testsuite name="Kisma\Core\SeedTest" file="/opt/kisma/tests/src/Kisma/Core/SeedTest.php" namespace="Kisma\Core" fullPackage="Kisma.Core" tests="5" assertions="8" failures="0" errors="0" time="0.039779">
      <testcase name="testOnBeforeDestruct" class="Kisma\Core\SeedTest" file="/opt/kisma/tests/src/Kisma/Core/SeedTest.php" line="52" assertions="2" time="0.012531"/>
      <testcase name="testOnAfterConstruct" class="Kisma\Core\SeedTest" file="/opt/kisma/tests/src/Kisma/Core/SeedTest.php" line="71" assertions="1" time="0.008521"/>
      <testcase name="testGetId" class="Kisma\Core\SeedTest" file="/opt/kisma/tests/src/Kisma/Core/SeedTest.php" line="81" assertions="1" time="0.006383"/>
      <testcase name="testGetTag" class="Kisma\Core\SeedTest" file="/opt/kisma/tests/src/Kisma/Core/SeedTest.php" line="93" assertions="2" time="0.005989"/>
      <testcase name="testGetName" class="Kisma\Core\SeedTest" file="/opt/kisma/tests/src/Kisma/Core/SeedTest.php" line="104" assertions="2" time="0.006355"/>
    </testsuite>
    <testsuite name="Kisma\Core\Utility\DateTimeTest" file="/opt/kisma/tests/src/Kisma/Core/Utility/DateTimeTest.php" namespace="Kisma\Core\Utility" fullPackage="Kisma.Core.Utility" tests="1" assertions="2" failures="0" errors="0" time="0.005256">
      <testcase name="testPrettySeconds" class="Kisma\Core\Utility\DateTimeTest" file="/opt/kisma/tests/src/Kisma/Core/Utility/DateTimeTest.php" line="20" assertions="2" time="0.005256"/>
    </testsuite>
    <testsuite name="Kisma\Core\Utility\HasherTest" file="/opt/kisma/tests/src/Kisma/Core/Utility/HasherTest.php" namespace="Kisma\Core\Utility" fullPackage="Kisma" package="Kisma" tests="1" assertions="1" failures="0" errors="0" time="0.053083">
      <testcase name="testGenerateUnique" class="Kisma\Core\Utility\HasherTest" file="/opt/kisma/tests/src/Kisma/Core/Utility/HasherTest.php" line="31" assertions="1" time="0.053083"/>
    </testsuite>
    <testsuite name="Kisma\Core\Utility\InflectorTest" file="/opt/kisma/tests/src/Kisma/Core/Utility/InflectorTest.php" namespace="Kisma\Core\Utility" fullPackage="Kisma" package="Kisma" tests="2" assertions="21" failures="0" errors="0" time="0.024940">
      <testcase name="testPluralize" class="Kisma\Core\Utility\InflectorTest" file="/opt/kisma/tests/src/Kisma/Core/Utility/InflectorTest.php" line="17" assertions="18" time="0.017134"/>
      <testcase name="testPrettyNameOf" class="Kisma\Core\Utility\InflectorTest" file="/opt/kisma/tests/src/Kisma/Core/Utility/InflectorTest.php" line="49" assertions="3" time="0.007806"/>
    </testsuite>
    <testsuite name="Kisma\Core\Utility\OptionTest" file="/opt/kisma/tests/src/Kisma/Core/Utility/OptionTest.php" namespace="Kisma\Core\Utility" fullPackage="Kisma.Core.Utility" tests="1" assertions="1" failures="0" errors="0" time="0.003940">
      <testcase name="testGet" class="Kisma\Core\Utility\OptionTest" file="/opt/kisma/tests/src/Kisma/Core/Utility/OptionTest.php" line="38" assertions="1" time="0.003940"/>
    </testsuite>
    <testsuite name="Kisma\Core\Utility\SchemaFormBuilderTest" file="/opt/kisma/tests/src/Kisma/Core/Utility/SchemaFormBuilderTest.php" namespace="Kisma\Core\Utility" fullPackage="Kisma.Core.Utility" tests="1" assertions="1" failures="0" errors="0" time="0.073752">
      <testcase name="testCreate" class="Kisma\Core\Utility\SchemaFormBuilderTest" file="/opt/kisma/tests/src/Kisma/Core/Utility/SchemaFormBuilderTest.php" line="56" assertions="1" time="0.073752"/>
    </testsuite>
    <testsuite name="KismaTest" file="/opt/kisma/tests/src/KismaTest.php" tests="4" assertions="6" failures="0" errors="0" time="0.019324">
      <testcase name="testCallStatic" class="KismaTest" file="/opt/kisma/tests/src/KismaTest.php" line="12" assertions="1" time="0.005289"/>
      <testcase name="testConceive" class="KismaTest" file="/opt/kisma/tests/src/KismaTest.php" line="22" assertions="2" time="0.005194"/>
      <testcase name="testSet" class="KismaTest" file="/opt/kisma/tests/src/KismaTest.php" line="34" assertions="2" time="0.005182"/>
      <testcase name="testGet" class="KismaTest" file="/opt/kisma/tests/src/KismaTest.php" line="46" assertions="1" time="0.003659"/>
    </testsuite>
  </testsuite>
</testsuites>
